<?xml version="1.0" encoding="UTF-8"?>
<testng-results ignored="0" total="1" passed="1" failed="0" skipped="0">
  <reporter-output>
  </reporter-output>
  <suite started-at="2023-10-03T16:32:00 IST" name="Default suite" finished-at="2023-10-03T16:32:00 IST" duration-ms="52">
    <groups>
    </groups>
    <test started-at="2023-10-03T16:32:00 IST" name="Default test" finished-at="2023-10-03T16:32:00 IST" duration-ms="52">
      <class name="Assignment1.Assignment82">
        <test-method is-config="true" signature="beforemethod()[pri:0, instance:Assignment1.Assignment82@52af26ee]" started-at="2023-10-03T16:32:00 IST" name="beforemethod" finished-at="2023-10-03T16:32:00 IST" duration-ms="5" status="PASS">
          <reporter-output>
          </reporter-output>
        </test-method> <!-- beforemethod -->
        <test-method signature="test()[pri:0, instance:Assignment1.Assignment82@52af26ee]" started-at="2023-10-03T16:32:00 IST" name="test" finished-at="2023-10-03T16:32:00 IST" duration-ms="5" status="PASS">
          <reporter-output>
          </reporter-output>
        </test-method> <!-- test -->
        <test-method is-config="true" signature="Aftermethod()[pri:0, instance:Assignment1.Assignment82@52af26ee]" started-at="2023-10-03T16:32:00 IST" name="Aftermethod" finished-at="2023-10-03T16:32:00 IST" duration-ms="1" status="PASS">
          <reporter-output>
          </reporter-output>
        </test-method> <!-- Aftermethod -->
        <test-method is-config="true" signature="Fs()[pri:0, instance:Assignment1.Assignment82@52af26ee]" started-at="2023-10-03T16:32:00 IST" name="Fs" finished-at="2023-10-03T16:32:00 IST" duration-ms="0" status="PASS">
          <reporter-output>
          </reporter-output>
        </test-method> <!-- Fs -->
      </class> <!-- Assignment1.Assignment82 -->
    </test> <!-- Default test -->
  </suite> <!-- Default suite -->
</testng-results>
