<?xml version="1.0" encoding="UTF-8"?>
<testng-results ignored="0" total="2" passed="2" failed="0" skipped="0">
  <reporter-output>
  </reporter-output>
  <suite started-at="2023-10-17T16:26:03 IST" name="SmokeSuite" finished-at="2023-10-17T16:26:31 IST" duration-ms="28124">
    <groups>
    </groups>
    <test started-at="2023-10-17T16:26:03 IST" name="SmokeTest" finished-at="2023-10-17T16:26:31 IST" duration-ms="28124">
      <class name="Amazon.test.Testcase2$Testcase1">
        <test-method signature="Amazontest()[pri:0, instance:Amazon.test.Testcase2$Testcase1@3232a28a]" started-at="2023-10-17T16:26:13 IST" name="Amazontest" finished-at="2023-10-17T16:26:31 IST" duration-ms="18025" status="PASS">
          <reporter-output>
          </reporter-output>
        </test-method> <!-- Amazontest -->
      </class> <!-- Amazon.test.Testcase2$Testcase1 -->
      <class name="Amazon.test.Testcase1">
        <test-method signature="Amazontest()[pri:0, instance:Amazon.test.Testcase1@5403f35f]" started-at="2023-10-17T16:26:03 IST" name="Amazontest" finished-at="2023-10-17T16:26:13 IST" duration-ms="10033" status="PASS">
          <reporter-output>
          </reporter-output>
        </test-method> <!-- Amazontest -->
      </class> <!-- Amazon.test.Testcase1 -->
    </test> <!-- SmokeTest -->
  </suite> <!-- SmokeSuite -->
</testng-results>
