<?xml version="1.0" encoding="UTF-8"?>
<testng-results ignored="0" total="1" passed="1" failed="0" skipped="0">
  <reporter-output>
  </reporter-output>
  <suite started-at="2023-10-03T16:33:39 IST" name="Default suite" finished-at="2023-10-03T16:34:00 IST" duration-ms="20254">
    <groups>
    </groups>
    <test started-at="2023-10-03T16:33:39 IST" name="Default test" finished-at="2023-10-03T16:34:00 IST" duration-ms="20254">
      <class name="Assignment1.assignment94">
        <test-method signature="test()[pri:0, instance:Assignment1.assignment94@3c73951]" started-at="2023-10-03T16:33:39 IST" name="test" finished-at="2023-10-03T16:34:00 IST" duration-ms="20193" status="PASS">
          <reporter-output>
          </reporter-output>
        </test-method> <!-- test -->
      </class> <!-- Assignment1.assignment94 -->
    </test> <!-- Default test -->
  </suite> <!-- Default suite -->
</testng-results>
