<?xml version="1.0" encoding="UTF-8"?>
<testng-results ignored="0" total="2" passed="2" failed="0" skipped="0">
  <reporter-output>
  </reporter-output>
  <suite started-at="2023-10-05T11:26:13 IST" name="Default suite" finished-at="2023-10-05T11:26:23 IST" duration-ms="9882">
    <groups>
    </groups>
    <test started-at="2023-10-05T11:26:13 IST" name="Default test" finished-at="2023-10-05T11:26:23 IST" duration-ms="9882">
      <class name="DDTExcelSheet.Assignment111">
        <test-method signature="test2()[pri:0, instance:DDTExcelSheet.Assignment111@429bffaa]" started-at="2023-10-05T11:26:13 IST" name="test2" finished-at="2023-10-05T11:26:13 IST" duration-ms="9" status="PASS">
          <reporter-output>
          </reporter-output>
        </test-method> <!-- test2 -->
      </class> <!-- DDTExcelSheet.Assignment111 -->
      <class name="DDTExcelSheet.Childclass">
        <test-method signature="test1()[pri:0, instance:DDTExcelSheet.Childclass@7133da86]" started-at="2023-10-05T11:26:13 IST" name="test1" finished-at="2023-10-05T11:26:23 IST" duration-ms="9826" status="PASS">
          <reporter-output>
          </reporter-output>
        </test-method> <!-- test1 -->
      </class> <!-- DDTExcelSheet.Childclass -->
    </test> <!-- Default test -->
  </suite> <!-- Default suite -->
</testng-results>
