<?xml version="1.0" encoding="UTF-8"?>
<testng-results ignored="0" total="1" passed="1" failed="0" skipped="0">
  <reporter-output>
  </reporter-output>
  <suite started-at="2023-10-04T00:28:28 IST" name="Default suite" finished-at="2023-10-04T00:28:40 IST" duration-ms="12259">
    <groups>
    </groups>
    <test started-at="2023-10-04T00:28:28 IST" name="Default test" finished-at="2023-10-04T00:28:40 IST" duration-ms="12259">
      <class name="AutosuggestionText.DropDowncount">
        <test-method signature="test()[pri:0, instance:AutosuggestionText.DropDowncount@759d26fb]" started-at="2023-10-04T00:28:28 IST" name="test" finished-at="2023-10-04T00:28:40 IST" duration-ms="12214" status="PASS">
          <reporter-output>
          </reporter-output>
        </test-method> <!-- test -->
      </class> <!-- AutosuggestionText.DropDowncount -->
    </test> <!-- Default test -->
  </suite> <!-- Default suite -->
</testng-results>
